2019-02-18 15:19:15.021  INFO 12120 --- [main] c.e.demo.SpringBootMybatis1Application   : Starting SpringBootMybatis1Application on LAPTOP-JGUNFNRK with PID 12120 (F:\eclipse\SpringBootMybatis-1\target\classes started by 57196 in F:\eclipse\SpringBootMybatis-1)
2019-02-18 15:19:15.023  INFO 12120 --- [main] c.e.demo.SpringBootMybatis1Application   : No active profile set, falling back to default profiles: default
2019-02-18 15:19:15.145  INFO 12120 --- [main] ationConfigEmbeddedWebApplicationContext : Refreshing org.springframework.boot.context.embedded.AnnotationConfigEmbeddedWebApplicationContext@29626d54: startup date [Mon Feb 18 15:19:15 CST 2019]; root of context hierarchy
2019-02-18 15:19:15.787  INFO 12120 --- [main] s.b.c.e.t.TomcatEmbeddedServletContainer : Tomcat initialized with port(s): 8080 (http)
2019-02-18 15:19:15.803  INFO 12120 --- [main] o.apache.catalina.core.StandardService   : Starting service [Tomcat]
2019-02-18 15:19:15.804  INFO 12120 --- [main] org.apache.catalina.core.StandardEngine  : Starting Servlet Engine: Apache Tomcat/8.5.37
2019-02-18 15:19:15.876  INFO 12120 --- [localhost-startStop-1] o.a.c.c.C.[Tomcat].[localhost].[/]       : Initializing Spring embedded WebApplicationContext
2019-02-18 15:19:15.876  INFO 12120 --- [localhost-startStop-1] o.s.web.context.ContextLoader            : Root WebApplicationContext: initialization completed in 733 ms
2019-02-18 15:19:15.974  INFO 12120 --- [localhost-startStop-1] o.s.b.w.servlet.ServletRegistrationBean  : Mapping servlet: 'dispatcherServlet' to [/]
2019-02-18 15:19:15.976  INFO 12120 --- [localhost-startStop-1] o.s.b.w.servlet.FilterRegistrationBean   : Mapping filter: 'characterEncodingFilter' to: [/*]
2019-02-18 15:19:15.977  INFO 12120 --- [localhost-startStop-1] o.s.b.w.servlet.FilterRegistrationBean   : Mapping filter: 'hiddenHttpMethodFilter' to: [/*]
2019-02-18 15:19:15.977  INFO 12120 --- [localhost-startStop-1] o.s.b.w.servlet.FilterRegistrationBean   : Mapping filter: 'httpPutFormContentFilter' to: [/*]
2019-02-18 15:19:15.977  INFO 12120 --- [localhost-startStop-1] o.s.b.w.servlet.FilterRegistrationBean   : Mapping filter: 'requestContextFilter' to: [/*]
2019-02-18 15:19:16.322  INFO 12120 --- [main] s.w.s.m.m.a.RequestMappingHandlerAdapter : Looking for @ControllerAdvice: org.springframework.boot.context.embedded.AnnotationConfigEmbeddedWebApplicationContext@29626d54: startup date [Mon Feb 18 15:19:15 CST 2019]; root of context hierarchy
2019-02-18 15:19:16.354  INFO 12120 --- [main] s.w.s.m.m.a.RequestMappingHandlerMapping : Mapped "{[/user/tologin]}" onto public java.lang.String com.example.demo.controller.UserController.toLogin(org.springframework.ui.Model)
2019-02-18 15:19:16.356  INFO 12120 --- [main] s.w.s.m.m.a.RequestMappingHandlerMapping : Mapped "{[/error]}" onto public org.springframework.http.ResponseEntity<java.util.Map<java.lang.String, java.lang.Object>> org.springframework.boot.autoconfigure.web.BasicErrorController.error(javax.servlet.http.HttpServletRequest)
2019-02-18 15:19:16.357  INFO 12120 --- [main] s.w.s.m.m.a.RequestMappingHandlerMapping : Mapped "{[/error],produces=[text/html]}" onto public org.springframework.web.servlet.ModelAndView org.springframework.boot.autoconfigure.web.BasicErrorController.errorHtml(javax.servlet.http.HttpServletRequest,javax.servlet.http.HttpServletResponse)
2019-02-18 15:19:16.371  INFO 12120 --- [main] o.s.w.s.handler.SimpleUrlHandlerMapping  : Mapped URL path [/webjars/**] onto handler of type [class org.springframework.web.servlet.resource.ResourceHttpRequestHandler]
2019-02-18 15:19:16.371  INFO 12120 --- [main] o.s.w.s.handler.SimpleUrlHandlerMapping  : Mapped URL path [/**] onto handler of type [class org.springframework.web.servlet.resource.ResourceHttpRequestHandler]
2019-02-18 15:19:16.391  INFO 12120 --- [main] o.s.w.s.handler.SimpleUrlHandlerMapping  : Mapped URL path [/**/favicon.ico] onto handler of type [class org.springframework.web.servlet.resource.ResourceHttpRequestHandler]
2019-02-18 15:19:16.660  INFO 12120 --- [main] o.s.j.e.a.AnnotationMBeanExporter        : Registering beans for JMX exposure on startup
2019-02-18 15:19:16.683  INFO 12120 --- [main] s.b.c.e.t.TomcatEmbeddedServletContainer : Tomcat started on port(s): 8080 (http)
2019-02-18 15:19:16.686  INFO 12120 --- [main] c.e.demo.SpringBootMybatis1Application   : Started SpringBootMybatis1Application in 1.861 seconds (JVM running for 2.738)
2019-02-18 15:19:37.301  INFO 17132 --- [main] c.e.d.SpringBootMybatis1ApplicationTests : Starting SpringBootMybatis1ApplicationTests on LAPTOP-JGUNFNRK with PID 17132 (started by 57196 in F:\eclipse\SpringBootMybatis-1)
2019-02-18 15:19:37.302  INFO 17132 --- [main] c.e.d.SpringBootMybatis1ApplicationTests : No active profile set, falling back to default profiles: default
2019-02-18 15:19:37.441  INFO 17132 --- [main] o.s.w.c.s.GenericWebApplicationContext   : Refreshing org.springframework.web.context.support.GenericWebApplicationContext@53ce1329: startup date [Mon Feb 18 15:19:37 CST 2019]; root of context hierarchy
2019-02-18 15:19:38.750  INFO 17132 --- [main] s.w.s.m.m.a.RequestMappingHandlerAdapter : Looking for @ControllerAdvice: org.springframework.web.context.support.GenericWebApplicationContext@53ce1329: startup date [Mon Feb 18 15:19:37 CST 2019]; root of context hierarchy
2019-02-18 15:19:38.802  INFO 17132 --- [main] s.w.s.m.m.a.RequestMappingHandlerMapping : Mapped "{[/user/tologin]}" onto public java.lang.String com.example.demo.controller.UserController.toLogin(org.springframework.ui.Model)
2019-02-18 15:19:38.804  INFO 17132 --- [main] s.w.s.m.m.a.RequestMappingHandlerMapping : Mapped "{[/error]}" onto public org.springframework.http.ResponseEntity<java.util.Map<java.lang.String, java.lang.Object>> org.springframework.boot.autoconfigure.web.BasicErrorController.error(javax.servlet.http.HttpServletRequest)
2019-02-18 15:19:38.804  INFO 17132 --- [main] s.w.s.m.m.a.RequestMappingHandlerMapping : Mapped "{[/error],produces=[text/html]}" onto public org.springframework.web.servlet.ModelAndView org.springframework.boot.autoconfigure.web.BasicErrorController.errorHtml(javax.servlet.http.HttpServletRequest,javax.servlet.http.HttpServletResponse)
2019-02-18 15:19:38.827  INFO 17132 --- [main] o.s.w.s.handler.SimpleUrlHandlerMapping  : Mapped URL path [/webjars/**] onto handler of type [class org.springframework.web.servlet.resource.ResourceHttpRequestHandler]
2019-02-18 15:19:38.827  INFO 17132 --- [main] o.s.w.s.handler.SimpleUrlHandlerMapping  : Mapped URL path [/**] onto handler of type [class org.springframework.web.servlet.resource.ResourceHttpRequestHandler]
2019-02-18 15:19:38.858  INFO 17132 --- [main] o.s.w.s.handler.SimpleUrlHandlerMapping  : Mapped URL path [/**/favicon.ico] onto handler of type [class org.springframework.web.servlet.resource.ResourceHttpRequestHandler]
2019-02-18 15:19:39.291  INFO 17132 --- [main] c.e.d.SpringBootMybatis1ApplicationTests : Started SpringBootMybatis1ApplicationTests in 2.247 seconds (JVM running for 2.847)
2019-02-18 15:19:39.868  INFO 17132 --- [Thread-2] o.s.w.c.s.GenericWebApplicationContext   : Closing org.springframework.web.context.support.GenericWebApplicationContext@53ce1329: startup date [Mon Feb 18 15:19:37 CST 2019]; root of context hierarchy
2019-02-18 15:23:25.060  INFO 12120 --- [RMI TCP Connection(2)-127.0.0.1] inMXBeanRegistrar$SpringApplicationAdmin : Application shutdown requested.
2019-02-18 15:23:25.060  INFO 12120 --- [RMI TCP Connection(2)-127.0.0.1] ationConfigEmbeddedWebApplicationContext : Closing org.springframework.boot.context.embedded.AnnotationConfigEmbeddedWebApplicationContext@29626d54: startup date [Mon Feb 18 15:19:15 CST 2019]; root of context hierarchy
2019-02-18 15:23:25.062  INFO 12120 --- [RMI TCP Connection(2)-127.0.0.1] o.s.j.e.a.AnnotationMBeanExporter        : Unregistering JMX-exposed beans on shutdown
2019-02-18 15:23:36.483  INFO 11376 --- [main] c.e.d.SpringBootMybatis1ApplicationTests : Starting SpringBootMybatis1ApplicationTests on LAPTOP-JGUNFNRK with PID 11376 (started by 57196 in F:\eclipse\SpringBootMybatis-1)
2019-02-18 15:23:36.484  INFO 11376 --- [main] c.e.d.SpringBootMybatis1ApplicationTests : No active profile set, falling back to default profiles: default
2019-02-18 15:23:36.617  INFO 11376 --- [main] o.s.w.c.s.GenericWebApplicationContext   : Refreshing org.springframework.web.context.support.GenericWebApplicationContext@53ce1329: startup date [Mon Feb 18 15:23:36 CST 2019]; root of context hierarchy
2019-02-18 15:23:36.764 DEBUG 11376 --- [background-preinit] o.h.v.i.e.r.DefaultTraversableResolver   : Cannot find javax.persistence.Persistence on classpath. Assuming non JPA 2 environment. All properties will per default be traversable.
2019-02-18 15:23:37.305 DEBUG 11376 --- [main] o.h.v.i.e.r.DefaultTraversableResolver   : Cannot find javax.persistence.Persistence on classpath. Assuming non JPA 2 environment. All properties will per default be traversable.
2019-02-18 15:23:37.315 DEBUG 11376 --- [main] o.h.v.i.e.r.DefaultTraversableResolver   : Cannot find javax.persistence.Persistence on classpath. Assuming non JPA 2 environment. All properties will per default be traversable.
2019-02-18 15:23:37.317 DEBUG 11376 --- [main] o.h.v.internal.engine.ConfigurationImpl  : Setting custom MessageInterpolator of type org.springframework.validation.beanvalidation.LocaleContextMessageInterpolator
2019-02-18 15:23:37.317 DEBUG 11376 --- [main] o.h.v.internal.engine.ConfigurationImpl  : Setting custom ConstraintValidatorFactory of type org.springframework.validation.beanvalidation.SpringConstraintValidatorFactory
2019-02-18 15:23:37.318 DEBUG 11376 --- [main] o.h.v.internal.engine.ConfigurationImpl  : Setting custom ParameterNameProvider of type com.sun.proxy.$Proxy66
2019-02-18 15:23:37.320 DEBUG 11376 --- [main] o.h.v.internal.xml.ValidationXmlParser   : Trying to load META-INF/validation.xml for XML based Validator configuration.
2019-02-18 15:23:37.321 DEBUG 11376 --- [main] o.h.v.internal.xml.ResourceLoaderHelper  : Trying to load META-INF/validation.xml via user class loader
2019-02-18 15:23:37.321 DEBUG 11376 --- [main] o.h.v.internal.xml.ResourceLoaderHelper  : Trying to load META-INF/validation.xml via TCCL
2019-02-18 15:23:37.322 DEBUG 11376 --- [main] o.h.v.internal.xml.ResourceLoaderHelper  : Trying to load META-INF/validation.xml via Hibernate Validator's class loader
2019-02-18 15:23:37.322 DEBUG 11376 --- [main] o.h.v.internal.xml.ValidationXmlParser   : No META-INF/validation.xml found. Using annotation based configuration only.
2019-02-18 15:23:37.789 DEBUG 11376 --- [main] o.h.v.i.e.r.DefaultTraversableResolver   : Cannot find javax.persistence.Persistence on classpath. Assuming non JPA 2 environment. All properties will per default be traversable.
2019-02-18 15:23:37.795 DEBUG 11376 --- [main] o.h.v.i.e.r.DefaultTraversableResolver   : Cannot find javax.persistence.Persistence on classpath. Assuming non JPA 2 environment. All properties will per default be traversable.
2019-02-18 15:23:37.796 DEBUG 11376 --- [main] o.h.v.internal.engine.ConfigurationImpl  : Setting custom MessageInterpolator of type org.springframework.validation.beanvalidation.LocaleContextMessageInterpolator
2019-02-18 15:23:37.796 DEBUG 11376 --- [main] o.h.v.internal.engine.ConfigurationImpl  : Setting custom ConstraintValidatorFactory of type org.springframework.validation.beanvalidation.SpringConstraintValidatorFactory
2019-02-18 15:23:37.796 DEBUG 11376 --- [main] o.h.v.internal.engine.ConfigurationImpl  : Setting custom ParameterNameProvider of type com.sun.proxy.$Proxy66
2019-02-18 15:23:37.796 DEBUG 11376 --- [main] o.h.v.internal.xml.ValidationXmlParser   : Trying to load META-INF/validation.xml for XML based Validator configuration.
2019-02-18 15:23:37.796 DEBUG 11376 --- [main] o.h.v.internal.xml.ResourceLoaderHelper  : Trying to load META-INF/validation.xml via user class loader
2019-02-18 15:23:37.797 DEBUG 11376 --- [main] o.h.v.internal.xml.ResourceLoaderHelper  : Trying to load META-INF/validation.xml via TCCL
2019-02-18 15:23:37.797 DEBUG 11376 --- [main] o.h.v.internal.xml.ResourceLoaderHelper  : Trying to load META-INF/validation.xml via Hibernate Validator's class loader
2019-02-18 15:23:37.797 DEBUG 11376 --- [main] o.h.v.internal.xml.ValidationXmlParser   : No META-INF/validation.xml found. Using annotation based configuration only.
2019-02-18 15:23:37.928  INFO 11376 --- [main] s.w.s.m.m.a.RequestMappingHandlerAdapter : Looking for @ControllerAdvice: org.springframework.web.context.support.GenericWebApplicationContext@53ce1329: startup date [Mon Feb 18 15:23:36 CST 2019]; root of context hierarchy
2019-02-18 15:23:37.981  INFO 11376 --- [main] s.w.s.m.m.a.RequestMappingHandlerMapping : Mapped "{[/user/tologin]}" onto public java.lang.String com.example.demo.controller.UserController.toLogin(org.springframework.ui.Model)
2019-02-18 15:23:37.983  INFO 11376 --- [main] s.w.s.m.m.a.RequestMappingHandlerMapping : Mapped "{[/error]}" onto public org.springframework.http.ResponseEntity<java.util.Map<java.lang.String, java.lang.Object>> org.springframework.boot.autoconfigure.web.BasicErrorController.error(javax.servlet.http.HttpServletRequest)
2019-02-18 15:23:37.984  INFO 11376 --- [main] s.w.s.m.m.a.RequestMappingHandlerMapping : Mapped "{[/error],produces=[text/html]}" onto public org.springframework.web.servlet.ModelAndView org.springframework.boot.autoconfigure.web.BasicErrorController.errorHtml(javax.servlet.http.HttpServletRequest,javax.servlet.http.HttpServletResponse)
2019-02-18 15:23:38.007  INFO 11376 --- [main] o.s.w.s.handler.SimpleUrlHandlerMapping  : Mapped URL path [/webjars/**] onto handler of type [class org.springframework.web.servlet.resource.ResourceHttpRequestHandler]
2019-02-18 15:23:38.007  INFO 11376 --- [main] o.s.w.s.handler.SimpleUrlHandlerMapping  : Mapped URL path [/**] onto handler of type [class org.springframework.web.servlet.resource.ResourceHttpRequestHandler]
2019-02-18 15:23:38.039  INFO 11376 --- [main] o.s.w.s.handler.SimpleUrlHandlerMapping  : Mapped URL path [/**/favicon.ico] onto handler of type [class org.springframework.web.servlet.resource.ResourceHttpRequestHandler]
2019-02-18 15:23:38.456  INFO 11376 --- [main] c.e.d.SpringBootMybatis1ApplicationTests : Started SpringBootMybatis1ApplicationTests in 2.227 seconds (JVM running for 2.768)
2019-02-18 15:23:38.975  INFO 11376 --- [Thread-2] o.s.w.c.s.GenericWebApplicationContext   : Closing org.springframework.web.context.support.GenericWebApplicationContext@53ce1329: startup date [Mon Feb 18 15:23:36 CST 2019]; root of context hierarchy
2019-02-18 15:37:32.259  INFO 4760 --- [main] c.e.d.SpringBootMybatis1ApplicationTests : Starting SpringBootMybatis1ApplicationTests on LAPTOP-JGUNFNRK with PID 4760 (started by 57196 in F:\eclipse\SpringBootMybatis-1)
2019-02-18 15:37:32.259  INFO 4760 --- [main] c.e.d.SpringBootMybatis1ApplicationTests : No active profile set, falling back to default profiles: default
2019-02-18 15:37:32.399  INFO 4760 --- [main] o.s.w.c.s.GenericWebApplicationContext   : Refreshing org.springframework.web.context.support.GenericWebApplicationContext@53ce1329: startup date [Mon Feb 18 15:37:32 CST 2019]; root of context hierarchy
2019-02-18 15:37:32.523 DEBUG 4760 --- [background-preinit] o.h.v.i.e.r.DefaultTraversableResolver   : Cannot find javax.persistence.Persistence on classpath. Assuming non JPA 2 environment. All properties will per default be traversable.
2019-02-18 15:37:33.105 DEBUG 4760 --- [main] o.h.v.i.e.r.DefaultTraversableResolver   : Cannot find javax.persistence.Persistence on classpath. Assuming non JPA 2 environment. All properties will per default be traversable.
2019-02-18 15:37:33.115 DEBUG 4760 --- [main] o.h.v.i.e.r.DefaultTraversableResolver   : Cannot find javax.persistence.Persistence on classpath. Assuming non JPA 2 environment. All properties will per default be traversable.
2019-02-18 15:37:33.117 DEBUG 4760 --- [main] o.h.v.internal.engine.ConfigurationImpl  : Setting custom MessageInterpolator of type org.springframework.validation.beanvalidation.LocaleContextMessageInterpolator
2019-02-18 15:37:33.118 DEBUG 4760 --- [main] o.h.v.internal.engine.ConfigurationImpl  : Setting custom ConstraintValidatorFactory of type org.springframework.validation.beanvalidation.SpringConstraintValidatorFactory
2019-02-18 15:37:33.119 DEBUG 4760 --- [main] o.h.v.internal.engine.ConfigurationImpl  : Setting custom ParameterNameProvider of type com.sun.proxy.$Proxy66
2019-02-18 15:37:33.120 DEBUG 4760 --- [main] o.h.v.internal.xml.ValidationXmlParser   : Trying to load META-INF/validation.xml for XML based Validator configuration.
2019-02-18 15:37:33.121 DEBUG 4760 --- [main] o.h.v.internal.xml.ResourceLoaderHelper  : Trying to load META-INF/validation.xml via user class loader
2019-02-18 15:37:33.122 DEBUG 4760 --- [main] o.h.v.internal.xml.ResourceLoaderHelper  : Trying to load META-INF/validation.xml via TCCL
2019-02-18 15:37:33.122 DEBUG 4760 --- [main] o.h.v.internal.xml.ResourceLoaderHelper  : Trying to load META-INF/validation.xml via Hibernate Validator's class loader
2019-02-18 15:37:33.122 DEBUG 4760 --- [main] o.h.v.internal.xml.ValidationXmlParser   : No META-INF/validation.xml found. Using annotation based configuration only.
2019-02-18 15:37:33.596 DEBUG 4760 --- [main] o.h.v.i.e.r.DefaultTraversableResolver   : Cannot find javax.persistence.Persistence on classpath. Assuming non JPA 2 environment. All properties will per default be traversable.
2019-02-18 15:37:33.602 DEBUG 4760 --- [main] o.h.v.i.e.r.DefaultTraversableResolver   : Cannot find javax.persistence.Persistence on classpath. Assuming non JPA 2 environment. All properties will per default be traversable.
2019-02-18 15:37:33.602 DEBUG 4760 --- [main] o.h.v.internal.engine.ConfigurationImpl  : Setting custom MessageInterpolator of type org.springframework.validation.beanvalidation.LocaleContextMessageInterpolator
2019-02-18 15:37:33.602 DEBUG 4760 --- [main] o.h.v.internal.engine.ConfigurationImpl  : Setting custom ConstraintValidatorFactory of type org.springframework.validation.beanvalidation.SpringConstraintValidatorFactory
2019-02-18 15:37:33.602 DEBUG 4760 --- [main] o.h.v.internal.engine.ConfigurationImpl  : Setting custom ParameterNameProvider of type com.sun.proxy.$Proxy66
2019-02-18 15:37:33.603 DEBUG 4760 --- [main] o.h.v.internal.xml.ValidationXmlParser   : Trying to load META-INF/validation.xml for XML based Validator configuration.
2019-02-18 15:37:33.603 DEBUG 4760 --- [main] o.h.v.internal.xml.ResourceLoaderHelper  : Trying to load META-INF/validation.xml via user class loader
2019-02-18 15:37:33.603 DEBUG 4760 --- [main] o.h.v.internal.xml.ResourceLoaderHelper  : Trying to load META-INF/validation.xml via TCCL
2019-02-18 15:37:33.603 DEBUG 4760 --- [main] o.h.v.internal.xml.ResourceLoaderHelper  : Trying to load META-INF/validation.xml via Hibernate Validator's class loader
2019-02-18 15:37:33.604 DEBUG 4760 --- [main] o.h.v.internal.xml.ValidationXmlParser   : No META-INF/validation.xml found. Using annotation based configuration only.
2019-02-18 15:37:33.737  INFO 4760 --- [main] s.w.s.m.m.a.RequestMappingHandlerAdapter : Looking for @ControllerAdvice: org.springframework.web.context.support.GenericWebApplicationContext@53ce1329: startup date [Mon Feb 18 15:37:32 CST 2019]; root of context hierarchy
2019-02-18 15:37:33.789  INFO 4760 --- [main] s.w.s.m.m.a.RequestMappingHandlerMapping : Mapped "{[/user/tologin]}" onto public java.lang.String com.example.demo.controller.UserController.toLogin(org.springframework.ui.Model)
2019-02-18 15:37:33.791  INFO 4760 --- [main] s.w.s.m.m.a.RequestMappingHandlerMapping : Mapped "{[/error]}" onto public org.springframework.http.ResponseEntity<java.util.Map<java.lang.String, java.lang.Object>> org.springframework.boot.autoconfigure.web.BasicErrorController.error(javax.servlet.http.HttpServletRequest)
2019-02-18 15:37:33.791  INFO 4760 --- [main] s.w.s.m.m.a.RequestMappingHandlerMapping : Mapped "{[/error],produces=[text/html]}" onto public org.springframework.web.servlet.ModelAndView org.springframework.boot.autoconfigure.web.BasicErrorController.errorHtml(javax.servlet.http.HttpServletRequest,javax.servlet.http.HttpServletResponse)
2019-02-18 15:37:33.815  INFO 4760 --- [main] o.s.w.s.handler.SimpleUrlHandlerMapping  : Mapped URL path [/webjars/**] onto handler of type [class org.springframework.web.servlet.resource.ResourceHttpRequestHandler]
2019-02-18 15:37:33.815  INFO 4760 --- [main] o.s.w.s.handler.SimpleUrlHandlerMapping  : Mapped URL path [/**] onto handler of type [class org.springframework.web.servlet.resource.ResourceHttpRequestHandler]
2019-02-18 15:37:33.848  INFO 4760 --- [main] o.s.w.s.handler.SimpleUrlHandlerMapping  : Mapped URL path [/**/favicon.ico] onto handler of type [class org.springframework.web.servlet.resource.ResourceHttpRequestHandler]
2019-02-18 15:37:34.284  INFO 4760 --- [main] c.e.d.SpringBootMybatis1ApplicationTests : Started SpringBootMybatis1ApplicationTests in 2.282 seconds (JVM running for 2.825)
2019-02-18 15:37:34.790  INFO 4760 --- [Thread-2] o.s.w.c.s.GenericWebApplicationContext   : Closing org.springframework.web.context.support.GenericWebApplicationContext@53ce1329: startup date [Mon Feb 18 15:37:32 CST 2019]; root of context hierarchy
